{
  "RSpec": {
    "coverage": {
      "/home/placid-publisher-8338/tic-tac-toe-rb-online-web-sp-000/lib/tic_tac_toe.rb": [
        null,
        1,
        null,
        null,
        null,
        null,
        null,
        null,
        null,
        null,
        null,
        null,
        1,
        26,
        26,
        26,
        26,
        26,
        null,
        null,
        1,
        24,
        null,
        null,
        1,
        23,
        null,
        null,
        1,
        26,
        23,
        3,
        3,
        null,
        null,
        null,
        1,
        24,
        null,
        null,
        1,
        21,
        21,
        21,
        21,
        1,
        20,
        null,
        21,
        null,
        null,
        1,
        22,
        22,
        198,
        32,
        null,
        null,
        null,
        22,
        null,
        null,
        null,
        1,
        21,
        14,
        null,
        7,
        null,
        null,
        null,
        1,
        65,
        939,
        22,
        768,
        14,
        null,
        null,
        29,
        null,
        null,
        1,
        74,
        292,
        null,
        null,
        null,
        1,
        39,
        3,
        null,
        36,
        null,
        null,
        null,
        1,
        22,
        4,
        null,
        18,
        null,
        null,
        1,
        12,
        null,
        11,
        7,
        4,
        4,
        null,
        null,
        null,
        1,
        12,
        18,
        null,
        12,
        5,
        5,
        7,
        3,
        null,
        null
      ]
    },
    "timestamp": 1608163114
  }
}
