{
  "RSpec": {
    "coverage": {
      "/home/placid-publisher-8338/tic-tac-toe-rb-online-web-sp-000/lib/tic_tac_toe.rb": [
        null,
        1,
        null,
        null,
        null,
        null,
        null,
        null,
        null,
        null,
        null,
        null,
        1,
        5,
        5,
        5,
        5,
        5,
        null,
        null,
        1,
        6,
        null,
        null,
        1,
        5,
        null,
        null,
        1,
        8,
        5,
        3,
        3,
        null,
        null,
        null,
        1,
        6,
        null,
        null,
        1,
        3,
        3,
        3,
        3,
        1,
        2,
        null,
        3,
        null,
        null,
        1,
        4,
        4,
        36,
        5,
        null,
        null,
        null,
        4,
        null,
        null,
        null,
        1,
        3,
        3,
        null,
        0,
        null,
        null,
        null,
        1,
        10,
        171,
        4,
        143,
        3,
        null,
        null,
        3,
        null,
        null,
        1,
        15,
        76,
        null,
        null,
        null,
        1,
        8,
        1,
        null,
        7,
        null,
        null,
        null,
        1,
        3,
        2,
        null,
        1,
        null,
        null,
        1,
        3,
        null,
        2,
        1,
        1,
        1,
        null,
        null,
        null,
        1,
        2,
        null
      ]
    },
    "timestamp": 1608161312
  }
}
